android/app/build/outputs/logs/manifest-merger-release-report.txt
-- Merging decision tree log ---
manifest
ADDED from src/main/AndroidManifest.xml:1:1-29:12
INJECTED from src/main/AndroidManifest.xml:1:1-29:12
INJECTED from src/main/AndroidManifest.xml:1:1-29:12
INJECTED from src/main/AndroidManifest.xml:1:1-29:12
MERGED from [:react-native-document-picker] AndroidManifest.xml:2:1-11:12
MERGED from [:react-native-image-crop-picker] AndroidManifest.xml:2:1-28:12
MERGED from [:rn-fetch-blob] AndroidManifest.xml:2:1-47:12
MERGED from [:react-native-image-picker] AndroidManifest.xml:2:1-23:12
MERGED from [:react-native-vector-icons] AndroidManifest.xml:2:1-11:12
MERGED from [com.facebook.react:react-native:0.57.8] AndroidManifest.xml:2:1-15:12
MERGED from [com.github.yalantis:ucrop:2.2.2-native] AndroidManifest.xml:2:1-11:12
MERGED from [com.android.support:appcompat-v7:27.1.1] AndroidManifest.xml:17:1-22:12
MERGED from [com.android.support:support-fragment:27.1.1] AndroidManifest.xml:17:1-22:12
MERGED from [com.android.support:animated-vector-drawable:27.1.1] AndroidManifest.xml:17:1-22:12
MERGED from [com.android.support:support-core-ui:27.1.1] AndroidManifest.xml:17:1-22:12
MERGED from [com.android.support:support-core-utils:27.1.1] AndroidManifest.xml:17:1-22:12
MERGED from [com.android.support:support-vector-drawable:27.1.1] AndroidManifest.xml:17:1-22:12
MERGED from [com.android.support:support-compat:27.1.1] AndroidManifest.xml:17:1-22:12
MERGED from [com.facebook.fresco:fresco:1.10.0] AndroidManifest.xml:2:1-9:12
MERGED from [com.facebook.fresco:imagepipeline-okhttp3:1.10.0] AndroidManifest.xml:2:1-9:12
MERGED from [com.facebook.fresco:drawee:1.10.0] AndroidManifest.xml:2:1-9:12
MERGED from [com.facebook.fresco:imagepipeline:1.10.0] AndroidManifest.xml:2:1-9:12
MERGED from [com.facebook.fresco:imagepipeline-base:1.10.0] AndroidManifest.xml:2:1-9:12
MERGED from [com.facebook.soloader:soloader:0.5.1] AndroidManifest.xml:2:1-13:12
MERGED from [org.webkit:android-jsc:r174650] AndroidManifest.xml:1:1-3:12
MERGED from [com.facebook.fresco:fbcore:1.10.0] AndroidManifest.xml:2:1-9:12
MERGED from [android.arch.lifecycle:livedata-core:1.1.0] AndroidManifest.xml:17:1-22:12
MERGED from [android.arch.lifecycle:viewmodel:1.1.0] AndroidManifest.xml:17:1-22:12
MERGED from [android.arch.lifecycle:runtime:1.1.0] AndroidManifest.xml:17:1-22:12
MERGED from [android.arch.core:runtime:1.1.0] AndroidManifest.xml:17:1-22:12
INJECTED from src/main/AndroidManifest.xml:1:1-29:12
INJECTED from src/main/AndroidManifest.xml:1:1-29:12
INJECTED from src/main/AndroidManifest.xml:1:1-29:12
	package
		ADDED from src/main/AndroidManifest.xml:2:5-26
		INJECTED from src/main/AndroidManifest.xml
		INJECTED from src/main/AndroidManifest.xml
	android:versionName
		INJECTED from src/main/AndroidManifest.xml
		ADDED from src/main/AndroidManifest.xml:1:1-29:12
		INJECTED from src/main/AndroidManifest.xml
	android:versionCode
		INJECTED from src/main/AndroidManifest.xml
		ADDED from src/main/AndroidManifest.xml:1:1-29:12
		INJECTED from src/main/AndroidManifest.xml
	xmlns:android
		ADDED from src/main/AndroidManifest.xml:1:11-69
uses-permission#android.permission.INTERNET
ADDED from src/main/AndroidManifest.xml:4:5-67
MERGED from [:rn-fetch-blob] AndroidManifest.xml:15:5-67
MERGED from [:rn-fetch-blob] AndroidManifest.xml:15:5-67
	android:name
		ADDED from src/main/AndroidManifest.xml:4:22-64
uses-permission#android.permission.SYSTEM_ALERT_WINDOW
ADDED from src/main/AndroidManifest.xml:5:5-77
MERGED from [com.facebook.react:react-native:0.57.8] AndroidManifest.xml:11:5-78
MERGED from [com.facebook.react:react-native:0.57.8] AndroidManifest.xml:11:5-78
	android:name
		ADDED from src/main/AndroidManifest.xml:5:22-75
uses-permission#android.permission.CAMERA
ADDED from src/main/AndroidManifest.xml:7:5-65
	android:name
		ADDED from src/main/AndroidManifest.xml:7:22-62
uses-permission#android.permission.WRITE_EXTERNAL_STORAGE
ADDED from src/main/AndroidManifest.xml:8:5-81
MERGED from [:react-native-image-crop-picker] AndroidManifest.xml:10:5-81
MERGED from [:react-native-image-crop-picker] AndroidManifest.xml:10:5-81
MERGED from [:rn-fetch-blob] AndroidManifest.xml:33:5-81
MERGED from [:rn-fetch-blob] AndroidManifest.xml:33:5-81
	android:name
		ADDED from src/main/AndroidManifest.xml:8:22-78
application
ADDED from src/main/AndroidManifest.xml:10:5-27:19
MERGED from [:react-native-image-crop-picker] AndroidManifest.xml:12:5-26:19
MERGED from [:react-native-image-crop-picker] AndroidManifest.xml:12:5-26:19
MERGED from [:rn-fetch-blob] AndroidManifest.xml:35:5-45:19
MERGED from [:rn-fetch-blob] AndroidManifest.xml:35:5-45:19
MERGED from [:react-native-image-picker] AndroidManifest.xml:11:5-21:19
MERGED from [:react-native-image-picker] AndroidManifest.xml:11:5-21:19
MERGED from [com.facebook.react:react-native:0.57.8] AndroidManifest.xml:13:5-20
MERGED from [com.facebook.react:react-native:0.57.8] AndroidManifest.xml:13:5-20
MERGED from [com.facebook.soloader:soloader:0.5.1] AndroidManifest.xml:11:5-20
MERGED from [com.facebook.soloader:soloader:0.5.1] AndroidManifest.xml:11:5-20
MERGED from [org.webkit:android-jsc:r174650] AndroidManifest.xml:2:3-17
MERGED from [org.webkit:android-jsc:r174650] AndroidManifest.xml:2:3-17
	android:label
		ADDED from src/main/AndroidManifest.xml:12:7-39
	android:icon
		ADDED from src/main/AndroidManifest.xml:13:7-41
	android:allowBackup
		ADDED from src/main/AndroidManifest.xml:14:7-34
	android:theme
		ADDED from src/main/AndroidManifest.xml:15:7-38
	android:name
		ADDED from src/main/AndroidManifest.xml:11:7-38
activity#com.aziziya.MainActivity
ADDED from src/main/AndroidManifest.xml:16:7-25:18
	android:label
		ADDED from src/main/AndroidManifest.xml:18:9-41
	android:windowSoftInputMode
		ADDED from src/main/AndroidManifest.xml:20:9-51
	android:configChanges
		ADDED from src/main/AndroidManifest.xml:19:9-79
	android:name
		ADDED from src/main/AndroidManifest.xml:17:9-37
intent-filter#action:name:android.intent.action.MAIN+category:name:android.intent.category.LAUNCHER
ADDED from src/main/AndroidManifest.xml:21:9-24:25
action#android.intent.action.MAIN
ADDED from src/main/AndroidManifest.xml:22:13-65
	android:name
		ADDED from src/main/AndroidManifest.xml:22:21-62
category#android.intent.category.LAUNCHER
ADDED from src/main/AndroidManifest.xml:23:13-73
	android:name
		ADDED from src/main/AndroidManifest.xml:23:23-70
activity#com.facebook.react.devsupport.DevSettingsActivity
ADDED from src/main/AndroidManifest.xml:26:7-84
	android:name
		ADDED from src/main/AndroidManifest.xml:26:17-81
uses-sdk
INJECTED from src/main/AndroidManifest.xml reason: use-sdk injection requested
INJECTED from src/main/AndroidManifest.xml
INJECTED from src/main/AndroidManifest.xml
MERGED from [:react-native-document-picker] AndroidManifest.xml:7:5-9:41
MERGED from [:react-native-document-picker] AndroidManifest.xml:7:5-9:41
MERGED from [:react-native-image-crop-picker] AndroidManifest.xml:6:5-8:41
MERGED from [:react-native-image-crop-picker] AndroidManifest.xml:6:5-8:41
MERGED from [:rn-fetch-blob] AndroidManifest.xml:7:5-9:41
MERGED from [:rn-fetch-blob] AndroidManifest.xml:7:5-9:41
MERGED from [:react-native-image-picker] AndroidManifest.xml:7:5-9:41
MERGED from [:react-native-image-picker] AndroidManifest.xml:7:5-9:41
MERGED from [:react-native-vector-icons] AndroidManifest.xml:7:5-9:41
MERGED from [:react-native-vector-icons] AndroidManifest.xml:7:5-9:41
MERGED from [com.facebook.react:react-native:0.57.8] AndroidManifest.xml:7:5-9:41
MERGED from [com.facebook.react:react-native:0.57.8] AndroidManifest.xml:7:5-9:41
MERGED from [com.github.yalantis:ucrop:2.2.2-native] AndroidManifest.xml:7:5-9:41
MERGED from [com.github.yalantis:ucrop:2.2.2-native] AndroidManifest.xml:7:5-9:41
MERGED from [com.android.support:appcompat-v7:27.1.1] AndroidManifest.xml:20:5-44
MERGED from [com.android.support:appcompat-v7:27.1.1] AndroidManifest.xml:20:5-44
MERGED from [com.android.support:support-fragment:27.1.1] AndroidManifest.xml:20:5-44
MERGED from [com.android.support:support-fragment:27.1.1] AndroidManifest.xml:20:5-44
MERGED from [com.android.support:animated-vector-drawable:27.1.1] AndroidManifest.xml:20:5-44
MERGED from [com.android.support:animated-vector-drawable:27.1.1] AndroidManifest.xml:20:5-44
MERGED from [com.android.support:support-core-ui:27.1.1] AndroidManifest.xml:20:5-44
MERGED from [com.android.support:support-core-ui:27.1.1] AndroidManifest.xml:20:5-44
MERGED from [com.android.support:support-core-utils:27.1.1] AndroidManifest.xml:20:5-44
MERGED from [com.android.support:support-core-utils:27.1.1] AndroidManifest.xml:20:5-44
MERGED from [com.android.support:support-vector-drawable:27.1.1] AndroidManifest.xml:20:5-44
MERGED from [com.android.support:support-vector-drawable:27.1.1] AndroidManifest.xml:20:5-44
MERGED from [com.android.support:support-compat:27.1.1] AndroidManifest.xml:20:5-44
MERGED from [com.android.support:support-compat:27.1.1] AndroidManifest.xml:20:5-44
MERGED from [com.facebook.fresco:fresco:1.10.0] AndroidManifest.xml:5:5-7:41
MERGED from [com.facebook.fresco:fresco:1.10.0] AndroidManifest.xml:5:5-7:41
MERGED from [com.facebook.fresco:imagepipeline-okhttp3:1.10.0] AndroidManifest.xml:5:5-7:41
MERGED from [com.facebook.fresco:imagepipeline-okhttp3:1.10.0] AndroidManifest.xml:5:5-7:41
MERGED from [com.facebook.fresco:drawee:1.10.0] AndroidManifest.xml:5:5-7:41
MERGED from [com.facebook.fresco:drawee:1.10.0] AndroidManifest.xml:5:5-7:41
MERGED from [com.facebook.fresco:imagepipeline:1.10.0] AndroidManifest.xml:5:5-7:41
MERGED from [com.facebook.fresco:imagepipeline:1.10.0] AndroidManifest.xml:5:5-7:41
MERGED from [com.facebook.fresco:imagepipeline-base:1.10.0] AndroidManifest.xml:5:5-7:41
MERGED from [com.facebook.fresco:imagepipeline-base:1.10.0] AndroidManifest.xml:5:5-7:41
MERGED from [com.facebook.soloader:soloader:0.5.1] AndroidManifest.xml:7:5-9:41
MERGED from [com.facebook.soloader:soloader:0.5.1] AndroidManifest.xml:7:5-9:41
MERGED from [com.facebook.fresco:fbcore:1.10.0] AndroidManifest.xml:5:5-7:41
MERGED from [com.facebook.fresco:fbcore:1.10.0] AndroidManifest.xml:5:5-7:41
MERGED from [android.arch.lifecycle:livedata-core:1.1.0] AndroidManifest.xml:20:5-44
MERGED from [android.arch.lifecycle:livedata-core:1.1.0] AndroidManifest.xml:20:5-44
MERGED from [android.arch.lifecycle:viewmodel:1.1.0] AndroidManifest.xml:20:5-44
MERGED from [android.arch.lifecycle:viewmodel:1.1.0] AndroidManifest.xml:20:5-44
MERGED from [android.arch.lifecycle:runtime:1.1.0] AndroidManifest.xml:20:5-44
MERGED from [android.arch.lifecycle:runtime:1.1.0] AndroidManifest.xml:20:5-44
MERGED from [android.arch.core:runtime:1.1.0] AndroidManifest.xml:20:5-44
MERGED from [android.arch.core:runtime:1.1.0] AndroidManifest.xml:20:5-44
INJECTED from src/main/AndroidManifest.xml
INJECTED from src/main/AndroidManifest.xml
	android:targetSdkVersion
		INJECTED from src/main/AndroidManifest.xml
		ADDED from src/main/AndroidManifest.xml
		INJECTED from src/main/AndroidManifest.xml
	android:minSdkVersion
		INJECTED from src/main/AndroidManifest.xml
		ADDED from src/main/AndroidManifest.xml
		INJECTED from src/main/AndroidManifest.xml
provider#android.support.v4.content.FileProvider
ADDED from [:react-native-image-crop-picker] AndroidManifest.xml:13:9-21:20
MERGED from [:rn-fetch-blob] AndroidManifest.xml:36:9-44:20
MERGED from [:rn-fetch-blob] AndroidManifest.xml:36:9-44:20
	android:grantUriPermissions
		ADDED from [:react-native-image-crop-picker] AndroidManifest.xml:17:13-47
	android:authorities
		ADDED from [:react-native-image-crop-picker] AndroidManifest.xml:15:13-60
	android:exported
		ADDED from [:react-native-image-crop-picker] AndroidManifest.xml:16:13-37
	android:name
		ADDED from [:react-native-image-crop-picker] AndroidManifest.xml:14:13-67
meta-data#android.support.FILE_PROVIDER_PATHS
ADDED from [:react-native-image-crop-picker] AndroidManifest.xml:18:13-20:58
MERGED from [:rn-fetch-blob] AndroidManifest.xml:41:13-43:58
MERGED from [:rn-fetch-blob] AndroidManifest.xml:41:13-43:58
	android:resource
		ADDED from [:react-native-image-crop-picker] AndroidManifest.xml:20:17-55
	android:name
		ADDED from [:react-native-image-crop-picker] AndroidManifest.xml:19:17-67
activity#com.yalantis.ucrop.UCropActivity
ADDED from [:react-native-image-crop-picker] AndroidManifest.xml:23:9-25:72
	android:theme
		ADDED from [:react-native-image-crop-picker] AndroidManifest.xml:25:13-69
	android:name
		ADDED from [:react-native-image-crop-picker] AndroidManifest.xml:24:13-60
uses-permission#com.android.vending.CHECK_LICENSE
ADDED from [:rn-fetch-blob] AndroidManifest.xml:12:5-73
	android:name
		ADDED from [:rn-fetch-blob] AndroidManifest.xml:12:22-70
uses-permission#android.permission.WAKE_LOCK
ADDED from [:rn-fetch-blob] AndroidManifest.xml:21:5-68
	android:name
		ADDED from [:rn-fetch-blob] AndroidManifest.xml:21:22-65
uses-permission#android.permission.ACCESS_NETWORK_STATE
ADDED from [:rn-fetch-blob] AndroidManifest.xml:27:5-79
	android:name
		ADDED from [:rn-fetch-blob] AndroidManifest.xml:27:22-76
uses-permission#android.permission.ACCESS_WIFI_STATE
ADDED from [:rn-fetch-blob] AndroidManifest.xml:30:5-76
	android:name
		ADDED from [:rn-fetch-blob] AndroidManifest.xml:30:22-73
provider#com.imagepicker.FileProvider
ADDED from [:react-native-image-picker] AndroidManifest.xml:12:9-20:20
	android:grantUriPermissions
		ADDED from [:react-native-image-picker] AndroidManifest.xml:16:13-47
	android:authorities
		ADDED from [:react-native-image-picker] AndroidManifest.xml:14:13-60
	android:exported
		ADDED from [:react-native-image-picker] AndroidManifest.xml:15:13-37
	android:name
		ADDED from [:react-native-image-picker] AndroidManifest.xml:13:13-56
uses-permission#android.permission.READ_PHONE_STATE
IMPLIED from src/main/AndroidManifest.xml:1:1-29:12 reason: org.webkit.android_jsc has a targetSdkVersion < 4
uses-permission#android.permission.READ_EXTERNAL_STORAGE
IMPLIED from src/main/AndroidManifest.xml:1:1-29:12 reason: org.webkit.android_jsc requested WRITE_EXTERNAL_STORAGE